This file contains any messages produced by compilers while
running configure, to aid debugging if configure makes a mistake.

It was created by configure, which was
generated by GNU Autoconf 2.69.  Invocation command line was

  $ ./configure 

## --------- ##
## Platform. ##
## --------- ##

hostname = vserver
uname -m = x86_64
uname -r = 4.1.12-112.16.4.el7uek.x86_64
uname -s = Linux
uname -v = #2 SMP Mon Mar 12 23:57:12 PDT 2018

/usr/bin/uname -p = x86_64
/bin/uname -X     = unknown

/bin/arch              = x86_64
/usr/bin/arch -k       = unknown
/usr/convex/getsysinfo = unknown
/usr/bin/hostinfo      = unknown
/bin/machine           = unknown
/usr/bin/oslevel       = unknown
/bin/universe          = unknown

PATH: /usr/lib64/qt-3.3/bin
PATH: /usr/local/sbin
PATH: /usr/local/bin
PATH: /usr/sbin
PATH: /usr/bin
PATH: /root/bin


## ----------- ##
## Core tests. ##
## ----------- ##

configure:2204: checking for grep that handles long lines and -e
configure:2262: result: /usr/bin/grep
configure:2267: checking for egrep
configure:2329: result: /usr/bin/grep -E
configure:2334: checking for a sed that does not truncate output
configure:2398: result: /usr/bin/sed
configure:2537: checking for pkg-config
configure:2555: found /usr/bin/pkg-config
configure:2567: result: /usr/bin/pkg-config
configure:2592: checking pkg-config is at least version 0.9.0
configure:2595: result: yes
configure:2657: checking for cc
configure:2673: found /usr/bin/cc
configure:2684: result: cc
configure:2715: checking for C compiler version
configure:2724: cc --version >&5
cc (GCC) 4.8.5 20150623 (Red Hat 4.8.5-28.0.1)
Copyright (C) 2015 Free Software Foundation, Inc.
This is free software; see the source for copying conditions.  There is NO
warranty; not even for MERCHANTABILITY or FITNESS FOR A PARTICULAR PURPOSE.

configure:2735: $? = 0
configure:2724: cc -v >&5
Using built-in specs.
COLLECT_GCC=cc
COLLECT_LTO_WRAPPER=/usr/libexec/gcc/x86_64-redhat-linux/4.8.5/lto-wrapper
Target: x86_64-redhat-linux
Configured with: ../configure --prefix=/usr --mandir=/usr/share/man --infodir=/usr/share/info --with-bugurl=http://bugzilla.redhat.com/bugzilla --enable-bootstrap --enable-shared --enable-threads=posix --enable-checking=release --with-system-zlib --enable-__cxa_atexit --disable-libunwind-exceptions --enable-gnu-unique-object --enable-linker-build-id --with-linker-hash-style=gnu --enable-languages=c,c++,objc,obj-c++,java,fortran,ada,go,lto --enable-plugin --enable-initfini-array --disable-libgcj --with-isl=/builddir/build/BUILD/gcc-4.8.5-20150702/obj-x86_64-redhat-linux/isl-install --with-cloog=/builddir/build/BUILD/gcc-4.8.5-20150702/obj-x86_64-redhat-linux/cloog-install --enable-gnu-indirect-function --with-tune=generic --with-arch_32=x86-64 --build=x86_64-redhat-linux
Thread model: posix
gcc version 4.8.5 20150623 (Red Hat 4.8.5-28.0.1) (GCC) 
configure:2735: $? = 0
configure:2724: cc -V >&5
cc: error: unrecognized command line option '-V'
cc: fatal error: no input files
compilation terminated.
configure:2735: $? = 4
configure:2724: cc -qversion >&5
cc: error: unrecognized command line option '-qversion'
cc: fatal error: no input files
compilation terminated.
configure:2735: $? = 4
configure:2755: checking whether the C compiler works
configure:2777: cc    conftest.c  >&5
configure:2781: $? = 0
configure:2829: result: yes
configure:2832: checking for C compiler default output file name
configure:2834: result: a.out
configure:2840: checking for suffix of executables
configure:2847: cc -o conftest    conftest.c  >&5
configure:2851: $? = 0
configure:2873: result: 
configure:2895: checking whether we are cross compiling
configure:2903: cc -o conftest    conftest.c  >&5
configure:2907: $? = 0
configure:2914: ./conftest
configure:2918: $? = 0
configure:2933: result: no
configure:2938: checking for suffix of object files
configure:2960: cc -c   conftest.c >&5
configure:2964: $? = 0
configure:2985: result: o
configure:2989: checking whether we are using the GNU C compiler
configure:3008: cc -c   conftest.c >&5
configure:3008: $? = 0
configure:3017: result: yes
configure:3026: checking whether cc accepts -g
configure:3046: cc -c -g  conftest.c >&5
configure:3046: $? = 0
configure:3087: result: yes
configure:3104: checking for cc option to accept ISO C89
configure:3167: cc  -c -g -O2  conftest.c >&5
configure:3167: $? = 0
configure:3180: result: none needed
configure:3206: checking how to run the C preprocessor
configure:3237: cc -E  conftest.c
configure:3237: $? = 0
configure:3251: cc -E  conftest.c
conftest.c:9:28: fatal error: ac_nonexistent.h: No such file or directory
 #include <ac_nonexistent.h>
                            ^
compilation terminated.
configure:3251: $? = 1
configure: failed program was:
| /* confdefs.h */
| #define PACKAGE_NAME ""
| #define PACKAGE_TARNAME ""
| #define PACKAGE_VERSION ""
| #define PACKAGE_STRING ""
| #define PACKAGE_BUGREPORT ""
| #define PACKAGE_URL ""
| /* end confdefs.h.  */
| #include <ac_nonexistent.h>
configure:3276: result: cc -E
configure:3296: cc -E  conftest.c
configure:3296: $? = 0
configure:3310: cc -E  conftest.c
conftest.c:9:28: fatal error: ac_nonexistent.h: No such file or directory
 #include <ac_nonexistent.h>
                            ^
compilation terminated.
configure:3310: $? = 1
configure: failed program was:
| /* confdefs.h */
| #define PACKAGE_NAME ""
| #define PACKAGE_TARNAME ""
| #define PACKAGE_VERSION ""
| #define PACKAGE_STRING ""
| #define PACKAGE_BUGREPORT ""
| #define PACKAGE_URL ""
| /* end confdefs.h.  */
| #include <ac_nonexistent.h>
configure:3341: checking for icc
configure:3350: result: no
configure:3364: checking for suncc
configure:3373: result: no
configure:3391: checking for system library directory
configure:3406: result: lib
configure:3413: checking if compiler supports -R
configure:3432: cc -o conftest -g -O2   conftest.c -R /usr/lib  >&5
cc: error: unrecognized command line option '-R'
configure:3432: $? = 1
configure: failed program was:
| /* confdefs.h */
| #define PACKAGE_NAME ""
| #define PACKAGE_TARNAME ""
| #define PACKAGE_VERSION ""
| #define PACKAGE_STRING ""
| #define PACKAGE_BUGREPORT ""
| #define PACKAGE_URL ""
| /* end confdefs.h.  */
| 
| int
| main ()
| {
| 
|   ;
|   return 0;
| }
configure:3442: result: no
configure:3447: checking if compiler supports -Wl,-rpath,
configure:3466: cc -o conftest -g -O2   conftest.c -Wl,-rpath,/usr/lib  >&5
configure:3466: $? = 0
configure:3476: result: yes
configure:3492: checking build system type
configure:3506: result: x86_64-pc-linux-gnu
configure:3526: checking host system type
configure:3539: result: x86_64-pc-linux-gnu
configure:3559: checking target system type
configure:3572: result: x86_64-pc-linux-gnu
configure:3675: checking for PHP prefix
configure:3677: result: /usr
configure:3679: checking for PHP includes
configure:3681: result: -I/usr/include/php -I/usr/include/php/main -I/usr/include/php/TSRM -I/usr/include/php/Zend -I/usr/include/php/ext -I/usr/include/php/ext/date/lib
configure:3683: checking for PHP extension directory
configure:3685: result: /usr/lib64/php/modules
configure:3687: checking for PHP installed headers prefix
configure:3689: result: /usr/include/php
configure:3692: checking if debug is enabled
configure:3718: result: no
configure:3721: checking if zts is enabled
configure:3747: result: no
configure:3815: checking for gawk
configure:3832: found /usr/bin/gawk
configure:3843: result: gawk
configure:3888: checking for SAP NW RFC support
configure:3928: result: yes, shared
configure:3940: checking for sapnwrfc files in default path
configure:3945: result: found in /usr/sap/nwrfcsdk
configure:4002: checking for libsapnwrfc.so
configure:4011: result: found
configure:4002: checking for libsapucum.so
configure:4011: result: found
configure:4117: checking for ANSI C header files
configure:4137: cc -c -g -O2  conftest.c >&5
configure:4137: $? = 0
configure:4210: cc -o conftest -g -O2   conftest.c  >&5
configure:4210: $? = 0
configure:4210: ./conftest
configure:4210: $? = 0
configure:4221: result: yes
configure:4234: checking for sys/types.h
configure:4234: cc -c -g -O2  conftest.c >&5
configure:4234: $? = 0
configure:4234: result: yes
configure:4234: checking for sys/stat.h
configure:4234: cc -c -g -O2  conftest.c >&5
configure:4234: $? = 0
configure:4234: result: yes
configure:4234: checking for stdlib.h
configure:4234: cc -c -g -O2  conftest.c >&5
configure:4234: $? = 0
configure:4234: result: yes
configure:4234: checking for string.h
configure:4234: cc -c -g -O2  conftest.c >&5
configure:4234: $? = 0
configure:4234: result: yes
configure:4234: checking for memory.h
configure:4234: cc -c -g -O2  conftest.c >&5
configure:4234: $? = 0
configure:4234: result: yes
configure:4234: checking for strings.h
configure:4234: cc -c -g -O2  conftest.c >&5
configure:4234: $? = 0
configure:4234: result: yes
configure:4234: checking for inttypes.h
configure:4234: cc -c -g -O2  conftest.c >&5
configure:4234: $? = 0
configure:4234: result: yes
configure:4234: checking for stdint.h
configure:4234: cc -c -g -O2  conftest.c >&5
configure:4234: $? = 0
configure:4234: result: yes
configure:4234: checking for unistd.h
configure:4234: cc -c -g -O2  conftest.c >&5
configure:4234: $? = 0
configure:4234: result: yes
configure:4246: checking uchar.h usability
configure:4246: cc -c -g -O2  conftest.c >&5
configure:4246: $? = 0
configure:4246: result: yes
configure:4246: checking uchar.h presence
configure:4246: cc -E  conftest.c
configure:4246: $? = 0
configure:4246: result: yes
configure:4246: checking for uchar.h
configure:4246: result: yes
configure:4642: checking how to print strings
configure:4669: result: printf
configure:4690: checking for a sed that does not truncate output
configure:4754: result: /usr/bin/sed
configure:4772: checking for fgrep
configure:4834: result: /usr/bin/grep -F
configure:4869: checking for ld used by cc
configure:4936: result: /usr/bin/ld
configure:4943: checking if the linker (/usr/bin/ld) is GNU ld
configure:4958: result: yes
configure:4970: checking for BSD- or MS-compatible name lister (nm)
configure:5019: result: /usr/bin/nm -B
configure:5149: checking the name lister (/usr/bin/nm -B) interface
configure:5156: cc -c -g -O2  conftest.c >&5
configure:5159: /usr/bin/nm -B "conftest.o"
configure:5162: output
0000000000000000 B some_variable
configure:5169: result: BSD nm
configure:5172: checking whether ln -s works
configure:5176: result: yes
configure:5184: checking the maximum length of command line arguments
configure:5314: result: 1572864
configure:5331: checking whether the shell understands some XSI constructs
configure:5341: result: yes
configure:5345: checking whether the shell understands "+="
configure:5351: result: yes
configure:5386: checking how to convert x86_64-pc-linux-gnu file names to x86_64-pc-linux-gnu format
configure:5426: result: func_convert_file_noop
configure:5433: checking how to convert x86_64-pc-linux-gnu file names to toolchain format
configure:5453: result: func_convert_file_noop
configure:5460: checking for /usr/bin/ld option to reload object files
configure:5467: result: -r
configure:5541: checking for objdump
configure:5557: found /usr/bin/objdump
configure:5568: result: objdump
configure:5600: checking how to recognize dependent libraries
configure:5802: result: pass_all
configure:5887: checking for dlltool
configure:5917: result: no
configure:5947: checking how to associate runtime and link libraries
configure:5974: result: printf %s\n
configure:6034: checking for ar
configure:6050: found /usr/bin/ar
configure:6061: result: ar
configure:6098: checking for archiver @FILE support
configure:6115: cc -c -g -O2  conftest.c >&5
configure:6115: $? = 0
configure:6118: ar cru libconftest.a @conftest.lst >&5
configure:6121: $? = 0
configure:6126: ar cru libconftest.a @conftest.lst >&5
ar: conftest.o: No such file or directory
configure:6129: $? = 1
configure:6141: result: @
configure:6199: checking for strip
configure:6215: found /usr/bin/strip
configure:6226: result: strip
configure:6298: checking for ranlib
configure:6314: found /usr/bin/ranlib
configure:6325: result: ranlib
configure:6402: checking for gawk
configure:6429: result: gawk
configure:6469: checking command to parse /usr/bin/nm -B output from cc object
configure:6589: cc -c -g -O2  conftest.c >&5
configure:6592: $? = 0
configure:6596: /usr/bin/nm -B conftest.o \| sed -n -e 's/^.*[ ]\([ABCDGIRSTW][ABCDGIRSTW]*\)[ ][ ]*\([_A-Za-z][_A-Za-z0-9]*\)$/\1 \2 \2/p' | sed '/ __gnu_lto/d' \> conftest.nm
configure:6599: $? = 0
configure:6665: cc -o conftest -g -O2   conftest.c conftstm.o >&5
configure:6668: $? = 0
configure:6706: result: ok
configure:6743: checking for sysroot
configure:6773: result: no
configure:6850: cc -c -g -O2  conftest.c >&5
configure:6853: $? = 0
configure:7029: checking for mt
configure:7059: result: no
configure:7079: checking if : is a manifest tool
configure:7085: : '-?'
configure:7093: result: no
configure:7732: checking for dlfcn.h
configure:7732: cc -c -g -O2  conftest.c >&5
configure:7732: $? = 0
configure:7732: result: yes
configure:7938: checking for objdir
configure:7953: result: .libs
configure:8224: checking if cc supports -fno-rtti -fno-exceptions
configure:8242: cc -c -g -O2  -fno-rtti -fno-exceptions conftest.c >&5
cc1: warning: command line option '-fno-rtti' is valid for C++/ObjC++ but not for C [enabled by default]
configure:8246: $? = 0
configure:8259: result: no
configure:8586: checking for cc option to produce PIC
configure:8593: result: -fPIC -DPIC
configure:8601: checking if cc PIC flag -fPIC -DPIC works
configure:8619: cc -c -g -O2  -fPIC -DPIC -DPIC conftest.c >&5
configure:8623: $? = 0
configure:8636: result: yes
configure:8665: checking if cc static flag -static works
configure:8693: result: no
configure:8708: checking if cc supports -c -o file.o
configure:8729: cc -c -g -O2  -o out/conftest2.o conftest.c >&5
configure:8733: $? = 0
configure:8755: result: yes
configure:8763: checking if cc supports -c -o file.o
configure:8810: result: yes
configure:8843: checking whether the cc linker (/usr/bin/ld -m elf_x86_64) supports shared libraries
configure:9996: result: yes
configure:10033: checking whether -lc should be explicitly linked in
configure:10041: cc -c -g -O2  conftest.c >&5
configure:10044: $? = 0
configure:10059: cc -shared  -fPIC -DPIC conftest.o  -v -Wl,-soname -Wl,conftest -o conftest 2\>\&1 \| /usr/bin/grep  -lc  \>/dev/null 2\>\&1
configure:10062: $? = 0
configure:10076: result: no
configure:10236: checking dynamic linker characteristics
configure:10747: cc -o conftest -g -O2   -Wl,-rpath -Wl,/foo conftest.c  >&5
configure:10747: $? = 0
configure:10973: result: GNU/Linux ld.so
configure:11080: checking how to hardcode library paths into programs
configure:11105: result: immediate
configure:11645: checking whether stripping libraries is possible
configure:11650: result: yes
configure:11685: checking if libtool supports shared libraries
configure:11687: result: yes
configure:11690: checking whether to build shared libraries
configure:11711: result: yes
configure:11714: checking whether to build static libraries
configure:11718: result: no
configure:11991: patching config.h.in
configure:12002: creating ./config.status

## ---------------------- ##
## Running config.status. ##
## ---------------------- ##

This file was extended by config.status, which was
generated by GNU Autoconf 2.69.  Invocation command line was

  CONFIG_FILES    = 
  CONFIG_HEADERS  = 
  CONFIG_LINKS    = 
  CONFIG_COMMANDS = 
  $ ./config.status 

on vserver

config.status:886: creating config.h
config.status:990: executing libtool commands

## ---------------- ##
## Cache variables. ##
## ---------------- ##

ac_cv_build=x86_64-pc-linux-gnu
ac_cv_c_compiler_gnu=yes
ac_cv_env_CC_set=
ac_cv_env_CC_value=
ac_cv_env_CFLAGS_set=
ac_cv_env_CFLAGS_value=
ac_cv_env_CPPFLAGS_set=
ac_cv_env_CPPFLAGS_value=
ac_cv_env_CPP_set=
ac_cv_env_CPP_value=
ac_cv_env_LDFLAGS_set=
ac_cv_env_LDFLAGS_value=
ac_cv_env_LIBS_set=
ac_cv_env_LIBS_value=
ac_cv_env_PKG_CONFIG_LIBDIR_set=
ac_cv_env_PKG_CONFIG_LIBDIR_value=
ac_cv_env_PKG_CONFIG_PATH_set=
ac_cv_env_PKG_CONFIG_PATH_value=
ac_cv_env_PKG_CONFIG_set=
ac_cv_env_PKG_CONFIG_value=
ac_cv_env_build_alias_set=
ac_cv_env_build_alias_value=
ac_cv_env_host_alias_set=
ac_cv_env_host_alias_value=
ac_cv_env_target_alias_set=
ac_cv_env_target_alias_value=
ac_cv_header_dlfcn_h=yes
ac_cv_header_inttypes_h=yes
ac_cv_header_memory_h=yes
ac_cv_header_stdc=yes
ac_cv_header_stdint_h=yes
ac_cv_header_stdlib_h=yes
ac_cv_header_string_h=yes
ac_cv_header_strings_h=yes
ac_cv_header_sys_stat_h=yes
ac_cv_header_sys_types_h=yes
ac_cv_header_uchar_h=yes
ac_cv_header_unistd_h=yes
ac_cv_host=x86_64-pc-linux-gnu
ac_cv_objext=o
ac_cv_path_EGREP='/usr/bin/grep -E'
ac_cv_path_FGREP='/usr/bin/grep -F'
ac_cv_path_GREP=/usr/bin/grep
ac_cv_path_SED=/usr/bin/sed
ac_cv_path_ac_pt_PKG_CONFIG=/usr/bin/pkg-config
ac_cv_prog_AWK=gawk
ac_cv_prog_CPP='cc -E'
ac_cv_prog_ac_ct_AR=ar
ac_cv_prog_ac_ct_CC=cc
ac_cv_prog_ac_ct_OBJDUMP=objdump
ac_cv_prog_ac_ct_RANLIB=ranlib
ac_cv_prog_ac_ct_STRIP=strip
ac_cv_prog_cc_c89=
ac_cv_prog_cc_g=yes
ac_cv_target=x86_64-pc-linux-gnu
lt_cv_ar_at_file=@
lt_cv_archive_cmds_need_lc=no
lt_cv_deplibs_check_method=pass_all
lt_cv_file_magic_cmd='$MAGIC_CMD'
lt_cv_file_magic_test_file=
lt_cv_ld_reload_flag=-r
lt_cv_nm_interface='BSD nm'
lt_cv_objdir=.libs
lt_cv_path_LD=/usr/bin/ld
lt_cv_path_NM='/usr/bin/nm -B'
lt_cv_path_mainfest_tool=no
lt_cv_prog_compiler_c_o=yes
lt_cv_prog_compiler_pic='-fPIC -DPIC'
lt_cv_prog_compiler_pic_works=yes
lt_cv_prog_compiler_rtti_exceptions=no
lt_cv_prog_compiler_static_works=no
lt_cv_prog_gnu_ld=yes
lt_cv_sharedlib_from_linklib_cmd='printf %s\n'
lt_cv_shlibpath_overrides_runpath=no
lt_cv_sys_global_symbol_pipe='sed -n -e '\''s/^.*[	 ]\([ABCDGIRSTW][ABCDGIRSTW]*\)[	 ][	 ]*\([_A-Za-z][_A-Za-z0-9]*\)$/\1 \2 \2/p'\'' | sed '\''/ __gnu_lto/d'\'''
lt_cv_sys_global_symbol_to_c_name_address='sed -n -e '\''s/^: \([^ ]*\)[ ]*$/  {\"\1\", (void *) 0},/p'\'' -e '\''s/^[ABCDGIRSTW]* \([^ ]*\) \([^ ]*\)$/  {"\2", (void *) \&\2},/p'\'''
lt_cv_sys_global_symbol_to_c_name_address_lib_prefix='sed -n -e '\''s/^: \([^ ]*\)[ ]*$/  {\"\1\", (void *) 0},/p'\'' -e '\''s/^[ABCDGIRSTW]* \([^ ]*\) \(lib[^ ]*\)$/  {"\2", (void *) \&\2},/p'\'' -e '\''s/^[ABCDGIRSTW]* \([^ ]*\) \([^ ]*\)$/  {"lib\2", (void *) \&\2},/p'\'''
lt_cv_sys_global_symbol_to_cdecl='sed -n -e '\''s/^T .* \(.*\)$/extern int \1();/p'\'' -e '\''s/^[ABCDGIRSTW]* .* \(.*\)$/extern char \1;/p'\'''
lt_cv_sys_max_cmd_len=1572864
lt_cv_to_host_file_cmd=func_convert_file_noop
lt_cv_to_tool_file_cmd=func_convert_file_noop
php_cv_cc_dashr=no
php_cv_cc_rpath=yes

## ----------------- ##
## Output variables. ##
## ----------------- ##

AR='ar'
AWK='gawk'
CC='cc'
CFLAGS='-g -O2'
CONFIGURE_COMMAND=' '\''./configure'\'' '
CONFIGURE_OPTIONS=''
CPP='cc -E'
CPPFLAGS=' -DHAVE_CONFIG_H'
DEFS='-DHAVE_CONFIG_H'
DLLTOOL='false'
DSYMUTIL=''
DUMPBIN=''
ECHO_C=''
ECHO_N='-n'
ECHO_T=''
EGREP='/usr/bin/grep -E'
EXEEXT=''
FGREP='/usr/bin/grep -F'
GREP='/usr/bin/grep'
LD='/usr/bin/ld -m elf_x86_64'
LDFLAGS=''
LIBOBJS=''
LIBS=''
LIBTOOL='$(SHELL) $(top_builddir)/libtool'
LIPO=''
LN_S='ln -s'
LTLIBOBJS=''
MANIFEST_TOOL=':'
NM='/usr/bin/nm -B'
NMEDIT=''
OBJDUMP='objdump'
OBJEXT='o'
OTOOL64=''
OTOOL=''
PACKAGE_BUGREPORT=''
PACKAGE_NAME=''
PACKAGE_STRING=''
PACKAGE_TARNAME=''
PACKAGE_URL=''
PACKAGE_VERSION=''
PATH_SEPARATOR=':'
PKG_CONFIG='/usr/bin/pkg-config'
PKG_CONFIG_LIBDIR=''
PKG_CONFIG_PATH=''
RANLIB='ranlib'
SED='/usr/bin/sed'
SHELL='/bin/sh'
SHLIB_DL_SUFFIX_NAME='so'
SHLIB_SUFFIX_NAME='so'
STRIP='strip'
ac_ct_AR='ar'
ac_ct_CC='cc'
ac_ct_DUMPBIN=''
bindir='${exec_prefix}/bin'
build='x86_64-pc-linux-gnu'
build_alias=''
build_cpu='x86_64'
build_os='linux-gnu'
build_vendor='pc'
datadir='${datarootdir}'
datarootdir='${prefix}/share'
docdir='${datarootdir}/doc/${PACKAGE}'
dvidir='${docdir}'
exec_prefix='$(prefix)'
host='x86_64-pc-linux-gnu'
host_alias='x86_64-pc-linux-gnu'
host_cpu='x86_64'
host_os='linux-gnu'
host_vendor='pc'
htmldir='${docdir}'
includedir='${prefix}/include'
infodir='${datarootdir}/info'
libdir='${exec_prefix}/lib'
libexecdir='${exec_prefix}/libexec'
localedir='${datarootdir}/locale'
localstatedir='${prefix}/var'
mandir='${datarootdir}/man'
oldincludedir='/usr/include'
pdfdir='${docdir}'
prefix='/usr'
program_transform_name='s,x,x,'
psdir='${docdir}'
sbindir='${exec_prefix}/sbin'
sharedstatedir='${prefix}/com'
sysconfdir='${prefix}/etc'
target='x86_64-pc-linux-gnu'
target_alias=''
target_cpu='x86_64'
target_os='linux-gnu'
target_vendor='pc'

## ----------- ##
## confdefs.h. ##
## ----------- ##

/* confdefs.h */
#define PACKAGE_NAME ""
#define PACKAGE_TARNAME ""
#define PACKAGE_VERSION ""
#define PACKAGE_STRING ""
#define PACKAGE_BUGREPORT ""
#define PACKAGE_URL ""
#define STDC_HEADERS 1
#define HAVE_SYS_TYPES_H 1
#define HAVE_SYS_STAT_H 1
#define HAVE_STDLIB_H 1
#define HAVE_STRING_H 1
#define HAVE_MEMORY_H 1
#define HAVE_STRINGS_H 1
#define HAVE_INTTYPES_H 1
#define HAVE_STDINT_H 1
#define HAVE_UNISTD_H 1
#define COMPILE_DL_SAPNWRFC 1
#define HAVE_DLFCN_H 1
#define LT_OBJDIR ".libs/"

configure: exit 0
